Using pre-set license
Built from '2021.1/release' branch; Version is '2021.1.0f1 (61a549675243) revision 6399305'; Using compiler version '192528614'; Build Type 'Release'
OS: 'Windows 10 Home; OS build 19042.867; Version 2009; 64bit' Language: 'en' Physical Memory: 16294 MB
BatchMode: 1, IsHumanControllingUs: 0, StartBugReporterOnCrash: 0, Is64bit: 1, IsPro: 0

 COMMAND LINE ARGUMENTS:
C:\Program Files\Unity\Hub\Editor\2021.1.0f1\Editor\Unity.exe
-adb2
-batchMode
-noUpm
-name
AssetImportWorker0
-projectPath
C:/Users/wriks/Documents/Unity Projects/doomlike/doom-project
-logFile
Logs/AssetImportWorker0.log
-srvPort
51885
Successfully changed project path to: C:/Users/wriks/Documents/Unity Projects/doomlike/doom-project
C:/Users/wriks/Documents/Unity Projects/doomlike/doom-project
Using Asset Import Pipeline V2.
Refreshing native plugins compatible for Editor in 86.51 ms, found 1 plugins.
Preloading 0 native plugins for Editor in 0.00 ms.
Initialize engine version: 2021.1.0f1 (61a549675243)
[Subsystems] Discovering subsystems at path C:/Program Files/Unity/Hub/Editor/2021.1.0f1/Editor/Data/Resources/UnitySubsystems
[Subsystems] Discovering subsystems at path C:/Users/wriks/Documents/Unity Projects/doomlike/doom-project/Assets
GfxDevice: creating device client; threaded=0; jobified=0
Direct3D:
    Version:  Direct3D 11.0 [level 11.1]
    Renderer: NVIDIA GeForce GTX 1070 (ID=0x1b81)
    Vendor:   NVIDIA
    VRAM:     8088 MB
    Driver:   27.21.14.6172
Initialize mono
Mono path[0] = 'C:/Program Files/Unity/Hub/Editor/2021.1.0f1/Editor/Data/Managed'
Mono path[1] = 'C:/Program Files/Unity/Hub/Editor/2021.1.0f1/Editor/Data/MonoBleedingEdge/lib/mono/unityjit'
Mono config path = 'C:/Program Files/Unity/Hub/Editor/2021.1.0f1/Editor/Data/MonoBleedingEdge/etc'
Using monoOptions --debugger-agent=transport=dt_socket,embedding=1,server=y,suspend=n,address=127.0.0.1:56596
Begin MonoManager ReloadAssembly
Registering precompiled unity dll's ...
Register platform support module: C:/Program Files/Unity/Hub/Editor/2021.1.0f1/Editor/Data/PlaybackEngines/WindowsStandaloneSupport/UnityEditor.WindowsStandalone.Extensions.dll
Registered in 0.003213 seconds.
Native extension for WindowsStandalone target not found
Refreshing native plugins compatible for Editor in 86.30 ms, found 1 plugins.
Preloading 0 native plugins for Editor in 0.00 ms.
Mono: successfully reloaded assembly
- Completed reload, in  1.034 seconds
Platform modules already initialized, skipping
Registering precompiled user dll's ...
Registered in 0.003899 seconds.
Begin MonoManager ReloadAssembly
Native extension for WindowsStandalone target not found
Refreshing native plugins compatible for Editor in 87.97 ms, found 1 plugins.
Preloading 0 native plugins for Editor in 0.00 ms.
Mono: successfully reloaded assembly
- Completed reload, in  1.009 seconds
Platform modules already initialized, skipping
========================================================================
Worker process is ready to serve import requests
Shader 'Universal Render Pipeline/Particles/Lit': fallback shader 'Universal Render Pipeline/Particles/SimpleLit' not found
Shader 'Universal Render Pipeline/Particles/Lit': fallback shader 'Universal Render Pipeline/Particles/SimpleLit' not found
Launched and connected shader compiler UnityShaderCompiler.exe after 0.14 seconds
Refreshing native plugins compatible for Editor in 0.64 ms, found 1 plugins.
Preloading 0 native plugins for Editor in 0.00 ms.
Unloading 3992 Unused Serialized files (Serialized files now loaded: 0)
System memory in use before: 159.9 MB.
System memory in use after: 158.5 MB.

Unloading 40 unused Assets to reduce memory usage. Loaded Objects now: 4429.
Total: 2.700600 ms (FindLiveObjects: 0.307200 ms CreateObjectMapping: 0.217200 ms MarkObjects: 1.582400 ms  DeleteObjects: 0.593200 ms)

========================================================================
Received Import Request.
  path: Assets/Boring/Scenes
  artifactKey: Guid(07ab1dd5bd5bed9459bd3141c7d16cb4) Importer(815301076,1909f56bfc062723c751e8b465ee728b)
Start importing Assets/Boring/Scenes using Guid(07ab1dd5bd5bed9459bd3141c7d16cb4) Importer(815301076,1909f56bfc062723c751e8b465ee728b)  -> (artifact id: '4d32444b89b7ef8bf332d855ade06ba8') in 0.005684 seconds 
========================================================================
Received Import Request.
  Time since last request: 0.000251 seconds.
  path: Assets/Boring/Scenes/SampleScene.unity
  artifactKey: Guid(d1c3109bdb54ad54c8a2b2838528e640) Importer(815301076,1909f56bfc062723c751e8b465ee728b)
Start importing Assets/Boring/Scenes/SampleScene.unity using Guid(d1c3109bdb54ad54c8a2b2838528e640) Importer(815301076,1909f56bfc062723c751e8b465ee728b)  -> (artifact id: 'e037168e64aa12c20b360be1a7224028') in 0.008711 seconds 
========================================================================
Received Import Request.
  Time since last request: 16.447150 seconds.
  path: Assets/playground.unity
  artifactKey: Guid(e08d7d191d42f284dad1f9b658594405) Importer(815301076,1909f56bfc062723c751e8b465ee728b)
Start importing Assets/playground.unity using Guid(e08d7d191d42f284dad1f9b658594405) Importer(815301076,1909f56bfc062723c751e8b465ee728b)  -> (artifact id: '43cd25f6c3fc9984883b8159e7164f84') in 0.003155 seconds 
========================================================================
Received Import Request.
  Time since last request: 41.576420 seconds.
  path: Assets/Fantasy Skybox FREE/Materials/FS002/New Lighting Settings.lighting
  artifactKey: Guid(014c4ce711558ec409216f2b5552c2c8) Importer(815301076,1909f56bfc062723c751e8b465ee728b)
Start importing Assets/Fantasy Skybox FREE/Materials/FS002/New Lighting Settings.lighting using Guid(014c4ce711558ec409216f2b5552c2c8) Importer(815301076,1909f56bfc062723c751e8b465ee728b)  -> (artifact id: '7e8294251b897c45424fddd3fb6389d1') in 0.018032 seconds 
AssetImportWorkerClient::OnTransportError - code=2 error=End of file
